Arguments: 
  C:\Program Files\nodejs\node.exe C:\Users\xinwu.liu\AppData\Roaming\npm\node_modules\yarn\bin\yarn.js

PATH: 
  C:\Program Files\Common Files\Oracle\Java\javapath;C:\Python310\Scripts\;C:\Python310\;C:\Windows\system32;C:\Windows;C:\Windows\System32\Wbem;C:\Windows\System32\WindowsPowerShell\v1.0\;C:\Windows\System32\OpenSSH\;C:\ProgramData\chocolatey\bin;D:\Git\cmd;C:\Program Files (x86)\Tencent\微信web开发者工具\dll;C:\Users\xinwu.liu\AppData\Roaming\nvm;C:\Program Files\nodejs;C:\Users\xinwu.liu\AppData\Local\Yarn\bin;C:\Program Files\nodejs;C:\Program Files\nodejs\node_modules;C:\Users\xinwu.liu\AppData\Local\Microsoft\WindowsApps;D:\Microsoft VS Code\bin;C:\Users\xinwu.liu\AppData\Local\nvs\;C:\Users\xinwu.liu\AppData\Roaming\npm;C:\Users\xinwu.liu\AppData\Roaming\nvm;C:\Program Files\nodejs

Yarn version: 
  1.22.18

Node version: 
  18.0.0

Platform: 
  win32 x64

Trace: 
  SyntaxError: E:\private\fun-math-school\package.json: Unexpected string in JSON at position 1585
      at JSON.parse (<anonymous>)
      at C:\Users\xinwu.liu\AppData\Roaming\npm\node_modules\yarn\lib\cli.js:1625:59
      at Generator.next (<anonymous>)
      at step (C:\Users\xinwu.liu\AppData\Roaming\npm\node_modules\yarn\lib\cli.js:310:30)
      at C:\Users\xinwu.liu\AppData\Roaming\npm\node_modules\yarn\lib\cli.js:321:13

npm manifest: 
  {
    "name": "fun-math-school",
    "version": "1.0.0",
    "private": true,
    "description": "6年级学生量身打造的数学学习软件。我们有大量的数学题型及详细的解析；我们可以根据您的错题生成相似题型，让您反复练习；我们还有各种数学益智小游戏提升孩子对数学的兴趣《二十四点》《数字华容道》等。用了这款软件之后，家长再也不用担心孩子的数学成绩了。",
    "templateInfo": {
      "name": "default-youshu",
      "typescript": true,
      "css": "Sass",
      "framework": "React"
    },
    "scripts": {
      "build:weapp": "taro build --type weapp",
      "build:swan": "taro build --type swan",
      "build:alipay": "taro build --type alipay",
      "build:tt": "taro build --type tt",
      "build:qq": "taro build --type qq",
      "dev:weapp": "npm run build:weapp -- --watch",
      "dev:swan": "npm run build:swan -- --watch",
      "dev:alipay": "npm run build:alipay -- --watch",
      "dev:tt": "npm run build:tt -- --watch",
      "dev:qq": "npm run build:qq -- --watch"
    },
    "browserslist": [
      "last 3 versions",
      "Android >= 4.1",
      "ios >= 8"
    ],
    "author": "",
    "dependencies": {
      "@babel/runtime": "^7.7.7",
      "@tarojs/components": "3.6.21",
      "@tarojs/helper": "3.6.21",
      "@tarojs/plugin-platform-weapp": "3.6.21",
      "@tarojs/plugin-platform-alipay": "3.6.21",
      "@tarojs/plugin-platform-tt": "3.6.21",
      "@tarojs/plugin-platform-swan": "3.6.21",
      "@tarojs/plugin-platform-jd": "3.6.21",
      "@tarojs/plugin-platform-qq": "3.6.21",
      "@tarojs/plugin-platform-h5": "3.6.21",
      "@tarojs/runtime": "3.6.21",
      "@tarojs/shared": "3.6.21",
      "@tarojs/taro": "3.6.21",
      "@tarojs/plugin-framework-react": "3.6.21",
      "@tarojs/react": "3.6.21",
      "react-dom": "^18.0.0",
      "react": "^18.0.0"
      "sr-sdk-wxapp": "^1.3.6"
    },
    "devDependencies": {
      "@babel/core": "^7.8.0",
      "@tarojs/cli": "3.6.21",
      "@types/webpack-env": "^1.13.6",
      "@tarojs/test-utils-react": "^0.1.1",
      "@types/react": "^18.0.0",
      "webpack": "5.78.0",
      "@tarojs/taro-loader": "3.6.21",
      "@tarojs/webpack5-runner": "3.6.21",
      "babel-preset-taro": "3.6.21",
      "eslint-config-taro": "3.6.21",
      "eslint": "^8.12.0",
      "@pmmmwh/react-refresh-webpack-plugin": "^0.5.5",
      "react-refresh": "^0.11.0",
      "eslint-plugin-react": "^7.8.2",
      "eslint-plugin-import": "^2.12.0",
      "eslint-plugin-react-hooks": "^4.2.0",
      "stylelint": "^14.4.0",
      "@typescript-eslint/parser": "^6.2.0",
      "@typescript-eslint/eslint-plugin": "^6.2.0",
      "typescript": "^5.1.0",
      "tsconfig-paths-webpack-plugin": "^4.0.1",
      "ts-node": "^10.9.1",
      "@types/node": "^18.15.11"
    }
  }

yarn manifest: 
  No manifest

Lockfile: 
  No lockfile
